0 info it worked if it ends with ok
1 verbose cli [ '/usr/bin/node', '/usr/bin/npm', 'install', '-g', 'n', 'node' ]
2 info using npm@3.5.2
3 info using node@v8.10.0
4 silly loadCurrentTree Starting
5 silly install loadCurrentTree
6 silly install readGlobalPackageData
7 silly fetchPackageMetaData n
8 silly fetchPackageMetaData node
9 silly fetchNamedPackageData n
10 silly mapToRegistry name n
11 silly mapToRegistry using default registry
12 silly mapToRegistry registry https://registry.npmjs.org/
13 silly mapToRegistry uri https://registry.npmjs.org/n
14 silly fetchNamedPackageData node
15 silly mapToRegistry name node
16 silly mapToRegistry using default registry
17 silly mapToRegistry registry https://registry.npmjs.org/
18 silly mapToRegistry uri https://registry.npmjs.org/node
19 verbose request uri https://registry.npmjs.org/n
20 verbose request no auth needed
21 info attempt registry request try #1 at 01:32:09
22 verbose request id 91b1d97432a07fa0
23 http request GET https://registry.npmjs.org/n
24 verbose request uri https://registry.npmjs.org/node
25 verbose request no auth needed
26 info attempt registry request try #1 at 01:32:09
27 http request GET https://registry.npmjs.org/node
28 http 200 https://registry.npmjs.org/n
29 verbose headers { date: 'Mon, 11 Feb 2019 01:32:09 GMT',
29 verbose headers   'content-type': 'application/json; charset=UTF-8',
29 verbose headers   'transfer-encoding': 'chunked',
29 verbose headers   connection: 'keep-alive',
29 verbose headers   'set-cookie':
29 verbose headers    [ '__cfduid=d57a9e19a4c252685f23b92c0c77df1a01549848729; expires=Tue, 11-Feb-20 01:32:09 GMT; path=/; domain=.registry.npmjs.org; HttpOnly' ],
29 verbose headers   'cf-cache-status': 'HIT',
29 verbose headers   'cache-control': 'max-age=300',
29 verbose headers   'cf-ray': '4a730f621eb6bfef-MAN',
29 verbose headers   etag: 'W/"794fec4ca3d45c86a55b552d4a0e3ec8"',
29 verbose headers   'expect-ct': 'max-age=604800, report-uri="https://report-uri.cloudflare.com/cdn-cgi/beacon/expect-ct"',
29 verbose headers   'last-modified': 'Fri, 03 Aug 2018 00:36:01 GMT',
29 verbose headers   vary: 'accept-encoding, accept',
29 verbose headers   server: 'cloudflare',
29 verbose headers   'content-encoding': 'gzip' }
30 silly get cb [ 200,
30 silly get   { date: 'Mon, 11 Feb 2019 01:32:09 GMT',
30 silly get     'content-type': 'application/json; charset=UTF-8',
30 silly get     'transfer-encoding': 'chunked',
30 silly get     connection: 'keep-alive',
30 silly get     'set-cookie':
30 silly get      [ '__cfduid=d57a9e19a4c252685f23b92c0c77df1a01549848729; expires=Tue, 11-Feb-20 01:32:09 GMT; path=/; domain=.registry.npmjs.org; HttpOnly' ],
30 silly get     'cf-cache-status': 'HIT',
30 silly get     'cache-control': 'max-age=300',
30 silly get     'cf-ray': '4a730f621eb6bfef-MAN',
30 silly get     etag: 'W/"794fec4ca3d45c86a55b552d4a0e3ec8"',
30 silly get     'expect-ct': 'max-age=604800, report-uri="https://report-uri.cloudflare.com/cdn-cgi/beacon/expect-ct"',
30 silly get     'last-modified': 'Fri, 03 Aug 2018 00:36:01 GMT',
30 silly get     vary: 'accept-encoding, accept',
30 silly get     server: 'cloudflare',
30 silly get     'content-encoding': 'gzip' } ]
31 verbose get saving n to /home/thabo/.npm/registry.npmjs.org/n/.cache.json
32 http 200 https://registry.npmjs.org/node
33 verbose headers { date: 'Mon, 11 Feb 2019 01:32:09 GMT',
33 verbose headers   'content-type': 'application/json',
33 verbose headers   'transfer-encoding': 'chunked',
33 verbose headers   connection: 'keep-alive',
33 verbose headers   'set-cookie':
33 verbose headers    [ '__cfduid=db4c6aa83617ed9f4199ed7311d237eac1549848729; expires=Tue, 11-Feb-20 01:32:09 GMT; path=/; domain=.registry.npmjs.org; HttpOnly' ],
33 verbose headers   'cf-cache-status': 'HIT',
33 verbose headers   'cache-control': 'max-age=300',
33 verbose headers   'cf-ray': '4a730f621e81bff4-MAN',
33 verbose headers   etag: 'W/"bee8cc8af582a07fe4ea6e124b6a72c1"',
33 verbose headers   'expect-ct': 'max-age=604800, report-uri="https://report-uri.cloudflare.com/cdn-cgi/beacon/expect-ct"',
33 verbose headers   'last-modified': 'Fri, 01 Feb 2019 01:06:20 GMT',
33 verbose headers   vary: 'accept-encoding, accept',
33 verbose headers   'x-amz-meta-rev': '461-86b99bce4c295b22c7a835c1c297d61c',
33 verbose headers   server: 'cloudflare',
33 verbose headers   'content-encoding': 'gzip' }
34 silly get cb [ 200,
34 silly get   { date: 'Mon, 11 Feb 2019 01:32:09 GMT',
34 silly get     'content-type': 'application/json',
34 silly get     'transfer-encoding': 'chunked',
34 silly get     connection: 'keep-alive',
34 silly get     'set-cookie':
34 silly get      [ '__cfduid=db4c6aa83617ed9f4199ed7311d237eac1549848729; expires=Tue, 11-Feb-20 01:32:09 GMT; path=/; domain=.registry.npmjs.org; HttpOnly' ],
34 silly get     'cf-cache-status': 'HIT',
34 silly get     'cache-control': 'max-age=300',
34 silly get     'cf-ray': '4a730f621e81bff4-MAN',
34 silly get     etag: 'W/"bee8cc8af582a07fe4ea6e124b6a72c1"',
34 silly get     'expect-ct': 'max-age=604800, report-uri="https://report-uri.cloudflare.com/cdn-cgi/beacon/expect-ct"',
34 silly get     'last-modified': 'Fri, 01 Feb 2019 01:06:20 GMT',
34 silly get     vary: 'accept-encoding, accept',
34 silly get     'x-amz-meta-rev': '461-86b99bce4c295b22c7a835c1c297d61c',
34 silly get     server: 'cloudflare',
34 silly get     'content-encoding': 'gzip' } ]
35 verbose get saving node to /home/thabo/.npm/registry.npmjs.org/node/.cache.json
36 silly install normalizeTree
37 silly loadCurrentTree Finishing
38 silly loadIdealTree Starting
39 silly install loadIdealTree
40 silly cloneCurrentTree Starting
41 silly install cloneCurrentTreeToIdealTree
42 silly cloneCurrentTree Finishing
43 silly loadShrinkwrap Starting
44 silly install loadShrinkwrap
45 silly loadShrinkwrap Finishing
46 silly loadAllDepsIntoIdealTree Starting
47 silly install loadAllDepsIntoIdealTree
48 silly resolveWithNewModule n@2.1.12 checking installable status
49 silly cache add args [ 'n', null ]
50 verbose cache add spec n
51 silly resolveWithNewModule node@11.9.0 checking installable status
52 silly cache add args [ 'node', null ]
53 verbose cache add spec node
54 silly cache add parsed spec Result {
54 silly cache add   raw: 'n',
54 silly cache add   scope: null,
54 silly cache add   name: 'n',
54 silly cache add   rawSpec: '',
54 silly cache add   spec: 'latest',
54 silly cache add   type: 'tag' }
55 silly addNamed n@latest
56 verbose addNamed "latest" is being treated as a dist-tag for n
57 info addNameTag [ 'n', 'latest' ]
58 silly mapToRegistry name n
59 silly mapToRegistry using default registry
60 silly mapToRegistry registry https://registry.npmjs.org/
61 silly mapToRegistry uri https://registry.npmjs.org/n
62 verbose addNameTag registry:https://registry.npmjs.org/n not in flight; fetching
63 silly cache add parsed spec Result {
63 silly cache add   raw: 'node',
63 silly cache add   scope: null,
63 silly cache add   name: 'node',
63 silly cache add   rawSpec: '',
63 silly cache add   spec: 'latest',
63 silly cache add   type: 'tag' }
64 silly addNamed node@latest
65 verbose addNamed "latest" is being treated as a dist-tag for node
66 info addNameTag [ 'node', 'latest' ]
67 silly mapToRegistry name node
68 silly mapToRegistry using default registry
69 silly mapToRegistry registry https://registry.npmjs.org/
70 silly mapToRegistry uri https://registry.npmjs.org/node
71 verbose addNameTag registry:https://registry.npmjs.org/node not in flight; fetching
72 verbose get https://registry.npmjs.org/n not expired, no request
73 silly addNameTag next cb for n with tag latest
74 silly addNamed n@2.1.12
75 verbose addNamed "2.1.12" is a plain semver version for n
76 silly mapToRegistry name n
77 silly mapToRegistry using default registry
78 silly mapToRegistry registry https://registry.npmjs.org/
79 silly mapToRegistry uri https://registry.npmjs.org/n
80 verbose addRemoteTarball https://registry.npmjs.org/n/-/n-2.1.12.tgz not in flight; adding
81 verbose addRemoteTarball [ 'https://registry.npmjs.org/n/-/n-2.1.12.tgz',
81 verbose addRemoteTarball   '7bca5e103bfe3632d4c1a70dfaf9ecf774c18aed' ]
82 verbose get https://registry.npmjs.org/node not expired, no request
83 silly addNameTag next cb for node with tag latest
84 silly addNamed node@11.9.0
85 verbose addNamed "11.9.0" is a plain semver version for node
86 silly mapToRegistry name node
87 silly mapToRegistry using default registry
88 silly mapToRegistry registry https://registry.npmjs.org/
89 silly mapToRegistry uri https://registry.npmjs.org/node
90 verbose addRemoteTarball https://registry.npmjs.org/node/-/node-11.9.0.tgz not in flight; adding
91 verbose addRemoteTarball [ 'https://registry.npmjs.org/node/-/node-11.9.0.tgz',
91 verbose addRemoteTarball   '1e92e3f9626fc06838cefcc7bdee5c2506e12663' ]
92 info retry fetch attempt 1 at 01:32:10
93 info attempt registry request try #1 at 01:32:10
94 http fetch GET https://registry.npmjs.org/node/-/node-11.9.0.tgz
95 info retry fetch attempt 1 at 01:32:10
96 info attempt registry request try #1 at 01:32:10
97 http fetch GET https://registry.npmjs.org/n/-/n-2.1.12.tgz
98 http fetch 200 https://registry.npmjs.org/node/-/node-11.9.0.tgz
99 silly fetchAndShaCheck shasum 1e92e3f9626fc06838cefcc7bdee5c2506e12663
100 verbose addTmpTarball /tmp/npm-5190-62796b9c/registry.npmjs.org/node/-/node-11.9.0.tgz not in flight; adding
101 verbose addTmpTarball already have metadata; skipping unpack for node@11.9.0
102 http fetch 200 https://registry.npmjs.org/n/-/n-2.1.12.tgz
103 silly fetchAndShaCheck shasum 7bca5e103bfe3632d4c1a70dfaf9ecf774c18aed
104 verbose addTmpTarball /tmp/npm-5190-62796b9c/registry.npmjs.org/n/-/n-2.1.12.tgz not in flight; adding
105 verbose addTmpTarball already have metadata; skipping unpack for n@2.1.12
106 silly cache afterAdd node@11.9.0
107 verbose afterAdd /home/thabo/.npm/node/11.9.0/package/package.json not in flight; writing
108 verbose afterAdd /home/thabo/.npm/node/11.9.0/package/package.json written
109 silly cache afterAdd n@2.1.12
110 verbose afterAdd /home/thabo/.npm/n/2.1.12/package/package.json not in flight; writing
111 verbose afterAdd /home/thabo/.npm/n/2.1.12/package/package.json written
112 silly fetchNamedPackageData node-bin-setup
113 silly mapToRegistry name node-bin-setup
114 silly mapToRegistry using default registry
115 silly mapToRegistry registry https://registry.npmjs.org/
116 silly mapToRegistry uri https://registry.npmjs.org/node-bin-setup
117 verbose request uri https://registry.npmjs.org/node-bin-setup
118 verbose request no auth needed
119 info attempt registry request try #1 at 01:32:10
120 http request GET https://registry.npmjs.org/node-bin-setup
121 http 200 https://registry.npmjs.org/node-bin-setup
122 verbose headers { date: 'Mon, 11 Feb 2019 01:32:10 GMT',
122 verbose headers   'content-type': 'application/json; charset=UTF-8',
122 verbose headers   'transfer-encoding': 'chunked',
122 verbose headers   connection: 'keep-alive',
122 verbose headers   'set-cookie':
122 verbose headers    [ '__cfduid=dabed1e7d1b5e204933776734d2495b6b1549848730; expires=Tue, 11-Feb-20 01:32:10 GMT; path=/; domain=.registry.npmjs.org; HttpOnly' ],
122 verbose headers   'cf-cache-status': 'HIT',
122 verbose headers   'cache-control': 'max-age=300',
122 verbose headers   'cf-ray': '4a730f633f46bfef-MAN',
122 verbose headers   etag: 'W/"696d6ec470fda56a33885508a280edab"',
122 verbose headers   'expect-ct': 'max-age=604800, report-uri="https://report-uri.cloudflare.com/cdn-cgi/beacon/expect-ct"',
122 verbose headers   'last-modified': 'Sun, 27 May 2018 09:55:03 GMT',
122 verbose headers   vary: 'accept-encoding, accept',
122 verbose headers   server: 'cloudflare',
122 verbose headers   'content-encoding': 'gzip' }
123 silly get cb [ 200,
123 silly get   { date: 'Mon, 11 Feb 2019 01:32:10 GMT',
123 silly get     'content-type': 'application/json; charset=UTF-8',
123 silly get     'transfer-encoding': 'chunked',
123 silly get     connection: 'keep-alive',
123 silly get     'set-cookie':
123 silly get      [ '__cfduid=dabed1e7d1b5e204933776734d2495b6b1549848730; expires=Tue, 11-Feb-20 01:32:10 GMT; path=/; domain=.registry.npmjs.org; HttpOnly' ],
123 silly get     'cf-cache-status': 'HIT',
123 silly get     'cache-control': 'max-age=300',
123 silly get     'cf-ray': '4a730f633f46bfef-MAN',
123 silly get     etag: 'W/"696d6ec470fda56a33885508a280edab"',
123 silly get     'expect-ct': 'max-age=604800, report-uri="https://report-uri.cloudflare.com/cdn-cgi/beacon/expect-ct"',
123 silly get     'last-modified': 'Sun, 27 May 2018 09:55:03 GMT',
123 silly get     vary: 'accept-encoding, accept',
123 silly get     server: 'cloudflare',
123 silly get     'content-encoding': 'gzip' } ]
124 verbose get saving node-bin-setup to /home/thabo/.npm/registry.npmjs.org/node-bin-setup/.cache.json
125 silly resolveWithNewModule node-bin-setup@1.0.6 checking installable status
126 silly cache add args [ 'node-bin-setup@^1.0.0', null ]
127 verbose cache add spec node-bin-setup@^1.0.0
128 silly cache add parsed spec Result {
128 silly cache add   raw: 'node-bin-setup@^1.0.0',
128 silly cache add   scope: null,
128 silly cache add   name: 'node-bin-setup',
128 silly cache add   rawSpec: '^1.0.0',
128 silly cache add   spec: '>=1.0.0 <2.0.0',
128 silly cache add   type: 'range' }
129 silly addNamed node-bin-setup@>=1.0.0 <2.0.0
130 verbose addNamed ">=1.0.0 <2.0.0" is a valid semver range for node-bin-setup
131 silly addNameRange { name: 'node-bin-setup',
131 silly addNameRange   range: '>=1.0.0 <2.0.0',
131 silly addNameRange   hasData: false }
132 silly mapToRegistry name node-bin-setup
133 silly mapToRegistry using default registry
134 silly mapToRegistry registry https://registry.npmjs.org/
135 silly mapToRegistry uri https://registry.npmjs.org/node-bin-setup
136 verbose addNameRange registry:https://registry.npmjs.org/node-bin-setup not in flight; fetching
137 verbose get https://registry.npmjs.org/node-bin-setup not expired, no request
138 silly addNameRange number 2 { name: 'node-bin-setup',
138 silly addNameRange   range: '>=1.0.0 <2.0.0',
138 silly addNameRange   hasData: true }
139 silly addNameRange versions [ 'node-bin-setup',
139 silly addNameRange   [ '1.0.0', '1.0.1', '1.0.2', '1.0.3', '1.0.4', '1.0.6' ] ]
140 silly addNamed node-bin-setup@1.0.6
141 verbose addNamed "1.0.6" is a plain semver version for node-bin-setup
142 silly mapToRegistry name node-bin-setup
143 silly mapToRegistry using default registry
144 silly mapToRegistry registry https://registry.npmjs.org/
145 silly mapToRegistry uri https://registry.npmjs.org/node-bin-setup
146 verbose addRemoteTarball https://registry.npmjs.org/node-bin-setup/-/node-bin-setup-1.0.6.tgz not in flight; adding
147 verbose addRemoteTarball [ 'https://registry.npmjs.org/node-bin-setup/-/node-bin-setup-1.0.6.tgz',
147 verbose addRemoteTarball   '4b5c9bb937ece702d7069b36ca78af4684677528' ]
148 info retry fetch attempt 1 at 01:32:10
149 info attempt registry request try #1 at 01:32:10
150 http fetch GET https://registry.npmjs.org/node-bin-setup/-/node-bin-setup-1.0.6.tgz
151 http fetch 200 https://registry.npmjs.org/node-bin-setup/-/node-bin-setup-1.0.6.tgz
152 silly fetchAndShaCheck shasum 4b5c9bb937ece702d7069b36ca78af4684677528
153 verbose addTmpTarball /tmp/npm-5190-62796b9c/registry.npmjs.org/node-bin-setup/-/node-bin-setup-1.0.6.tgz not in flight; adding
154 verbose addTmpTarball already have metadata; skipping unpack for node-bin-setup@1.0.6
155 silly cache afterAdd node-bin-setup@1.0.6
156 verbose afterAdd /home/thabo/.npm/node-bin-setup/1.0.6/package/package.json not in flight; writing
157 verbose afterAdd /home/thabo/.npm/node-bin-setup/1.0.6/package/package.json written
158 silly loadAllDepsIntoIdealTree Finishing
159 silly idealTree:prePrune lib
159 silly idealTree:prePrune ├── n@2.1.12
159 silly idealTree:prePrune └─┬ node@11.9.0
159 silly idealTree:prePrune   └── node-bin-setup@1.0.6
160 silly loadIdealTree Finishing
161 silly currentTree lib
162 silly idealTree lib
162 silly idealTree ├── n@2.1.12
162 silly idealTree └─┬ node@11.9.0
162 silly idealTree   └── node-bin-setup@1.0.6
163 silly generateActionsToTake Starting
164 silly install generateActionsToTake
165 silly generateActionsToTake Finishing
166 silly diffTrees action count 3
167 silly diffTrees add node-bin-setup@1.0.6
168 silly diffTrees add n@2.1.12
169 silly diffTrees add node@11.9.0
170 silly decomposeActions action count 24
171 silly decomposeActions fetch node-bin-setup@1.0.6
172 silly decomposeActions extract node-bin-setup@1.0.6
173 silly decomposeActions test node-bin-setup@1.0.6
174 silly decomposeActions preinstall node-bin-setup@1.0.6
175 silly decomposeActions build node-bin-setup@1.0.6
176 silly decomposeActions install node-bin-setup@1.0.6
177 silly decomposeActions postinstall node-bin-setup@1.0.6
178 silly decomposeActions finalize node-bin-setup@1.0.6
179 silly decomposeActions fetch n@2.1.12
180 silly decomposeActions extract n@2.1.12
181 silly decomposeActions test n@2.1.12
182 silly decomposeActions preinstall n@2.1.12
183 silly decomposeActions build n@2.1.12
184 silly decomposeActions install n@2.1.12
185 silly decomposeActions postinstall n@2.1.12
186 silly decomposeActions finalize n@2.1.12
187 silly decomposeActions fetch node@11.9.0
188 silly decomposeActions extract node@11.9.0
189 silly decomposeActions test node@11.9.0
190 silly decomposeActions preinstall node@11.9.0
191 silly decomposeActions build node@11.9.0
192 silly decomposeActions install node@11.9.0
193 silly decomposeActions postinstall node@11.9.0
194 silly decomposeActions finalize node@11.9.0
195 silly executeActions Starting
196 silly install executeActions
197 silly doSerial global-install 0
198 silly doParallel fetch 3
199 verbose lock using /home/thabo/.npm/_locks/staging-3a08f0df5026584d.lock for /usr/local/lib/node_modules/.staging
200 silly doParallel extract 3
201 silly extract node-bin-setup@1.0.6
202 silly extract n@2.1.12
203 silly extract node@11.9.0
204 verbose unbuild lib/node_modules/.staging/node-bin-setup-e96ff650
205 verbose unbuild lib/node_modules/.staging/n-3eb27508
206 verbose unbuild lib/node_modules/.staging/node-120c5c5f
207 silly gentlyRm /usr/local/lib/node_modules/.staging/node-bin-setup-e96ff650 is being purged from base /usr/local
208 verbose gentlyRm don't care about contents; nuking /usr/local/lib/node_modules/.staging/node-bin-setup-e96ff650
209 verbose tar unpack /home/thabo/.npm/node-bin-setup/1.0.6/package.tgz
210 verbose tar unpacking to /usr/local/lib/node_modules/.staging/node-bin-setup-e96ff650
211 silly gentlyRm /usr/local/lib/node_modules/.staging/node-bin-setup-e96ff650 is being purged
212 verbose gentlyRm don't care about contents; nuking /usr/local/lib/node_modules/.staging/node-bin-setup-e96ff650
213 silly gentlyRm /usr/local/lib/node_modules/.staging/n-3eb27508 is being purged from base /usr/local
214 verbose gentlyRm don't care about contents; nuking /usr/local/lib/node_modules/.staging/n-3eb27508
215 silly gentlyRm /usr/local/lib/node_modules/.staging/node-120c5c5f is being purged from base /usr/local
216 verbose gentlyRm don't care about contents; nuking /usr/local/lib/node_modules/.staging/node-120c5c5f
217 silly gunzTarPerm modes [ '755', '644' ]
218 verbose tar unpack /home/thabo/.npm/n/2.1.12/package.tgz
219 verbose tar unpacking to /usr/local/lib/node_modules/.staging/n-3eb27508
220 silly gentlyRm /usr/local/lib/node_modules/.staging/n-3eb27508 is being purged
221 verbose gentlyRm don't care about contents; nuking /usr/local/lib/node_modules/.staging/n-3eb27508
222 verbose tar unpack /home/thabo/.npm/node/11.9.0/package.tgz
223 verbose tar unpacking to /usr/local/lib/node_modules/.staging/node-120c5c5f
224 silly gentlyRm /usr/local/lib/node_modules/.staging/node-120c5c5f is being purged
225 verbose gentlyRm don't care about contents; nuking /usr/local/lib/node_modules/.staging/node-120c5c5f
226 silly gunzTarPerm modes [ '755', '644' ]
227 silly gunzTarPerm modes [ '755', '644' ]
228 silly gunzTarPerm extractEntry package.json
229 silly gunzTarPerm extractEntry package.json
230 silly gunzTarPerm extractEntry package.json
231 silly gunzTarPerm extractEntry index.js
232 silly gunzTarPerm extractEntry Makefile
233 silly gunzTarPerm extractEntry README.md
234 silly gunzTarPerm extractEntry installArchSpecificPackage.js
235 silly gunzTarPerm extractEntry README.md
236 silly gunzTarPerm extractEntry .github/CONTRIBUTING.md
237 silly gunzTarPerm extractEntry .github/ISSUE_TEMPLATE.md
238 silly gunzTarPerm extractEntry .github/PULL_REQUEST_TEMPLATE.md
239 silly gentlyRm /usr/local/lib/node_modules/.staging/node-bin-setup-e96ff650/node_modules is being purged
240 verbose gentlyRm don't care about contents; nuking /usr/local/lib/node_modules/.staging/node-bin-setup-e96ff650/node_modules
241 silly gunzTarPerm extractEntry bin/n
242 silly gentlyRm /usr/local/lib/node_modules/.staging/node-120c5c5f/node_modules is being purged
243 verbose gentlyRm don't care about contents; nuking /usr/local/lib/node_modules/.staging/node-120c5c5f/node_modules
244 silly gentlyRm /usr/local/lib/node_modules/.staging/n-3eb27508/node_modules is being purged
245 verbose gentlyRm don't care about contents; nuking /usr/local/lib/node_modules/.staging/n-3eb27508/node_modules
246 silly doParallel preinstall 3
247 silly preinstall node-bin-setup@1.0.6 /usr/local/lib/node_modules/.staging/node-bin-setup-e96ff650
248 info lifecycle node-bin-setup@1.0.6~preinstall: node-bin-setup@1.0.6
249 silly preinstall n@2.1.12 /usr/local/lib/node_modules/.staging/n-3eb27508
250 info lifecycle n@2.1.12~preinstall: n@2.1.12
251 silly preinstall node@11.9.0 /usr/local/lib/node_modules/.staging/node-120c5c5f
252 info lifecycle node@11.9.0~preinstall: node@11.9.0
253 silly lifecycle node-bin-setup@1.0.6~preinstall: no script for preinstall, continuing
254 silly lifecycle n@2.1.12~preinstall: no script for preinstall, continuing
255 warn lifecycle node@11.9.0~preinstall: cannot run in wd %s %s (wd=%s) node@11.9.0 node installArchSpecificPackage /usr/local/lib/node_modules/.staging/node-120c5c5f
256 silly doReverseSerial remove 0
257 silly doSerial move 0
258 silly doSerial finalize 3
259 silly finalize /usr/local/lib/node_modules/node/node_modules/node-bin-setup
260 silly finalize /usr/local/lib/node_modules/n
261 silly finalize /usr/local/lib/node_modules/node
262 silly doSerial build 3
263 silly build node-bin-setup@1.0.6
264 info linkStuff node-bin-setup@1.0.6
265 silly linkStuff node-bin-setup@1.0.6 has /usr/local/lib/node_modules/node/node_modules as its parent node_modules
266 silly linkStuff node-bin-setup@1.0.6 is part of a global install
267 silly linkStuff node-bin-setup@1.0.6 is installed into a global node_modules
268 verbose linkBins node-bin-setup@1.0.6
269 verbose linkMans node-bin-setup@1.0.6
270 silly build n@2.1.12
271 info linkStuff n@2.1.12
272 silly linkStuff n@2.1.12 has /usr/local/lib/node_modules as its parent node_modules
273 silly linkStuff n@2.1.12 is part of a global install
274 silly linkStuff n@2.1.12 is installed into a global node_modules
275 silly linkStuff n@2.1.12 is installed into the top-level global node_modules
276 verbose linkBins n@2.1.12
277 verbose link bins [ { n: './bin/n' }, '/usr/local/bin', true ]
278 verbose linkMans n@2.1.12
279 silly gentlyRm /usr/local/bin/n is being gently removed
280 silly build node@11.9.0
281 info linkStuff node@11.9.0
282 silly linkStuff node@11.9.0 has /usr/local/lib/node_modules as its parent node_modules
283 silly linkStuff node@11.9.0 is part of a global install
284 silly linkStuff node@11.9.0 is installed into a global node_modules
285 silly linkStuff node@11.9.0 is installed into the top-level global node_modules
286 verbose linkBins node@11.9.0
287 verbose link bins [ { node: 'bin/node' }, '/usr/local/bin', true ]
288 verbose linkMans node@11.9.0
289 verbose unlock done using /home/thabo/.npm/_locks/staging-3a08f0df5026584d.lock for /usr/local/lib/node_modules/.staging
290 silly rollbackFailedOptional Starting
291 silly rollbackFailedOptional Finishing
292 silly runTopLevelLifecycles Starting
293 silly runTopLevelLifecycles Finishing
294 silly install printInstalled
295 verbose stack Error: ENOENT: no such file or directory, chmod '/usr/local/lib/node_modules/node/bin/node'
296 verbose cwd /home/thabo/Documents/Portfolio Repository/Portfolio
297 error Linux 4.15.0-45-generic
298 error argv "/usr/bin/node" "/usr/bin/npm" "install" "-g" "n" "node"
299 error node v8.10.0
300 error npm  v3.5.2
301 error path /usr/local/lib/node_modules/node/bin/node
302 error code ENOENT
303 error errno -2
304 error syscall chmod
305 error enoent ENOENT: no such file or directory, chmod '/usr/local/lib/node_modules/node/bin/node'
306 error enoent ENOENT: no such file or directory, chmod '/usr/local/lib/node_modules/node/bin/node'
306 error enoent This is most likely not a problem with npm itself
306 error enoent and is related to npm not being able to find a file.
307 verbose exit [ -2, true ]
